<?xml version="1.0" encoding="UTF-8"?>
<testng-results ignored="0" total="2" passed="2" failed="0" skipped="0">
  <reporter-output>
  </reporter-output>
  <suite started-at="2022-10-26T06:13:35Z" name="nopcommerce" finished-at="2022-10-26T06:14:14Z" duration-ms="39623">
    <groups>
    </groups>
    <test started-at="2022-10-26T06:13:35Z" name="Test1" finished-at="2022-10-26T06:14:14Z" duration-ms="39623">
      <class name="com.nopcommerce.testCases.TC_LoginTest_001">
        <test-method is-config="true" signature="setup(java.lang.String)[pri:0, instance:com.nopcommerce.testCases.TC_LoginTest_001@2f8f5f62]" started-at="2022-10-26T06:13:35Z" name="setup" finished-at="2022-10-26T06:13:37Z" duration-ms="1828" status="PASS">
          <params>
            <param index="0">
              <value>
                <![CDATA[chrome]]>
              </value>
            </param>
          </params>
          <reporter-output>
          </reporter-output>
        </test-method> <!-- setup -->
        <test-method signature="loginTest()[pri:0, instance:com.nopcommerce.testCases.TC_LoginTest_001@2f8f5f62]" started-at="2022-10-26T06:13:37Z" name="loginTest" finished-at="2022-10-26T06:13:55Z" duration-ms="18561" status="PASS">
          <reporter-output>
          </reporter-output>
        </test-method> <!-- loginTest -->
        <test-method is-config="true" signature="tearDown()[pri:0, instance:com.nopcommerce.testCases.TC_LoginTest_001@2f8f5f62]" started-at="2022-10-26T06:13:55Z" name="tearDown" finished-at="2022-10-26T06:13:57Z" duration-ms="1127" status="PASS">
          <reporter-output>
          </reporter-output>
        </test-method> <!-- tearDown -->
      </class> <!-- com.nopcommerce.testCases.TC_LoginTest_001 -->
      <class name="com.nopcommerce.testCases.TC_AddCustomerTest_003">
        <test-method is-config="true" signature="setup(java.lang.String)[pri:0, instance:com.nopcommerce.testCases.TC_AddCustomerTest_003@1068e947]" started-at="2022-10-26T06:13:57Z" name="setup" finished-at="2022-10-26T06:13:57Z" duration-ms="826" status="PASS">
          <params>
            <param index="0">
              <value>
                <![CDATA[chrome]]>
              </value>
            </param>
          </params>
          <reporter-output>
          </reporter-output>
        </test-method> <!-- setup -->
        <test-method signature="addNewCustomer()[pri:0, instance:com.nopcommerce.testCases.TC_AddCustomerTest_003@1068e947]" started-at="2022-10-26T06:13:57Z" name="addNewCustomer" finished-at="2022-10-26T06:14:14Z" duration-ms="16563" status="PASS">
          <reporter-output>
          </reporter-output>
        </test-method> <!-- addNewCustomer -->
        <test-method is-config="true" signature="tearDown()[pri:0, instance:com.nopcommerce.testCases.TC_AddCustomerTest_003@1068e947]" started-at="2022-10-26T06:14:14Z" name="tearDown" finished-at="2022-10-26T06:14:14Z" duration-ms="190" status="PASS">
          <reporter-output>
          </reporter-output>
        </test-method> <!-- tearDown -->
      </class> <!-- com.nopcommerce.testCases.TC_AddCustomerTest_003 -->
    </test> <!-- Test1 -->
  </suite> <!-- nopcommerce -->
</testng-results>
