<?xml version="1.0" encoding="UTF-8"?>
<testng-results ignored="0" total="1" passed="1" failed="0" skipped="0">
  <reporter-output>
  </reporter-output>
  <suite started-at="2022-10-25T10:08:44Z" name="nopcommerce" finished-at="2022-10-25T10:08:56Z" duration-ms="12363">
    <groups>
    </groups>
    <test started-at="2022-10-25T10:08:44Z" name="Test1" finished-at="2022-10-25T10:08:56Z" duration-ms="12363">
      <class name="com.nopcommerce.testCases.TC_AddCustomerTest_003">
        <test-method is-config="true" signature="setup(java.lang.String)[pri:0, instance:com.nopcommerce.testCases.TC_AddCustomerTest_003@38c5cc4c]" started-at="2022-10-25T10:08:44Z" name="setup" finished-at="2022-10-25T10:08:45Z" duration-ms="1404" status="PASS">
          <params>
            <param index="0">
              <value>
                <![CDATA[chrome]]>
              </value>
            </param>
          </params>
          <reporter-output>
          </reporter-output>
        </test-method> <!-- setup -->
        <test-method signature="addNewCustomer()[pri:0, instance:com.nopcommerce.testCases.TC_AddCustomerTest_003@38c5cc4c]" started-at="2022-10-25T10:08:45Z" name="addNewCustomer" finished-at="2022-10-25T10:08:56Z" duration-ms="10648" status="PASS">
          <reporter-output>
          </reporter-output>
        </test-method> <!-- addNewCustomer -->
        <test-method is-config="true" signature="tearDown()[pri:0, instance:com.nopcommerce.testCases.TC_AddCustomerTest_003@38c5cc4c]" started-at="2022-10-25T10:08:56Z" name="tearDown" finished-at="2022-10-25T10:08:56Z" duration-ms="139" status="PASS">
          <reporter-output>
          </reporter-output>
        </test-method> <!-- tearDown -->
      </class> <!-- com.nopcommerce.testCases.TC_AddCustomerTest_003 -->
    </test> <!-- Test1 -->
  </suite> <!-- nopcommerce -->
</testng-results>
